<?xml version="1.0" encoding="UTF-8"?>
<!-- Generated by org.testng.reporters.JUnitReportReporter -->
<testsuite hostname="lynnchu-PC" name="test003.HKTVMall.testGoToMainCategory" tests="1" failures="0" timestamp="16 Jan 2015 10:53:23 GMT" time="9.920" errors="0">
  <testcase name="testmainCategory" time="9.920" classname="test003.HKTVMall.testGoToMainCategory"/>
</testsuite> <!-- test003.HKTVMall.testGoToMainCategory -->
