<?xml version="1.0" encoding="UTF-8"?>
<!-- Generated by org.testng.reporters.JUnitReportReporter -->
<testsuite hostname="lynnchu-PC" name="test001.HKTVMall.TestRegisterPassed" tests="1" failures="0" timestamp="15 Jan 2015 08:23:40 GMT" time="107.676" errors="0">
  <testcase name="testRegisterPassed" time="107.676" classname="test001.HKTVMall.TestRegisterPassed"/>
</testsuite> <!-- test001.HKTVMall.TestRegisterPassed -->
