<?xml version="1.0" encoding="UTF-8"?>
<!-- Generated by org.testng.reporters.JUnitReportReporter -->
<testsuite hostname="lynnchu-PC" name="test001.HKTVMall.TestRegisterFailed" tests="1" failures="0" timestamp="15 Jan 2015 08:23:40 GMT" time="26.416" errors="0">
  <testcase name="testRegisterFailed" time="26.416" classname="test001.HKTVMall.TestRegisterFailed"/>
</testsuite> <!-- test001.HKTVMall.TestRegisterFailed -->
