<?xml version="1.0" encoding="UTF-8"?>
<!-- Generated by org.testng.reporters.JUnitReportReporter -->
<testsuite hostname="lynnchu-PC" name="test005.HKTVMall.testSaveToWishlist" tests="1" failures="0" timestamp="20 Jan 2015 09:09:52 GMT" time="81.206" errors="0">
  <testcase name="testSavetoWishlistBeforeLogin" time="81.206" classname="test005.HKTVMall.testSaveToWishlist"/>
</testsuite> <!-- test005.HKTVMall.testSaveToWishlist -->
