<?xml version="1.0" encoding="UTF-8"?>
<!-- Generated by org.testng.reporters.JUnitReportReporter -->
<testsuite hostname="lynnchu-PC" name="test002.HKTVMall.TestLoginPassed" tests="1" failures="0" timestamp="16 Jan 2015 10:53:23 GMT" time="9.350" errors="0">
  <testcase name="testLoginPassed" time="9.350" classname="test002.HKTVMall.TestLoginPassed"/>
</testsuite> <!-- test002.HKTVMall.TestLoginPassed -->
