<?xml version="1.0" encoding="UTF-8"?>
<!-- Generated by org.testng.reporters.JUnitReportReporter -->
<testsuite hostname="lynnchu-PC" name="test001.HKTVMall.TestRegister" tests="1" failures="0" timestamp="6 Jan 2015 10:02:50 GMT" time="35.681" errors="0">
  <testcase name="testRegister" time="35.681" classname="test001.HKTVMall.TestRegister"/>
</testsuite> <!-- test001.HKTVMall.TestRegister -->
