<?xml version="1.0" encoding="UTF-8"?>
<!-- Generated by org.testng.reporters.JUnitReportReporter -->
<testsuite hostname="lynnchu-PC" name="test004.HKTVMall.testQuickView" tests="1" failures="0" timestamp="20 Jan 2015 08:07:54 GMT" time="61.391" errors="0">
  <testcase name="testQuickview" time="61.391" classname="test004.HKTVMall.testQuickView"/>
</testsuite> <!-- test004.HKTVMall.testQuickView -->
