<?xml version="1.0" encoding="UTF-8"?>
<!-- Generated by org.testng.reporters.JUnitReportReporter -->
<testsuite hostname="lynnchu-PC" name="test005.HKTVMall.testSaveToWishlistAfterLogin" tests="1" failures="0" timestamp="21 Jan 2015 04:19:47 GMT" time="81.339" errors="0">
  <testcase name="testSavetoWishlistAfterLogin" time="81.339" classname="test005.HKTVMall.testSaveToWishlistAfterLogin"/>
</testsuite> <!-- test005.HKTVMall.testSaveToWishlistAfterLogin -->
